<?xml version="1.0" encoding="UTF-8" ?>
<testsuite failures="0" time="0.239" errors="0" skipped="0" tests="4" name="libraries.apacheCommons.TemplatesTest">
  <properties>
    <property name="java.runtime.name" value="Java(TM) SE Runtime Environment"/>
    <property name="sun.boot.library.path" value="D:\Java\jdk7\jre\bin"/>
    <property name="java.vm.version" value="23.5-b02"/>
    <property name="java.vm.vendor" value="Oracle Corporation"/>
    <property name="java.vendor.url" value="http://java.oracle.com/"/>
    <property name="path.separator" value=";"/>
    <property name="guice.disable.misplaced.annotation.check" value="true"/>
    <property name="java.vm.name" value="Java HotSpot(TM) 64-Bit Server VM"/>
    <property name="file.encoding.pkg" value="sun.io"/>
    <property name="user.script" value=""/>
    <property name="user.country" value="US"/>
    <property name="sun.java.launcher" value="SUN_STANDARD"/>
    <property name="sun.os.patch.level" value="Service Pack 1"/>
    <property name="java.vm.specification.name" value="Java Virtual Machine Specification"/>
    <property name="user.dir" value="D:\workspace\apacheCommons"/>
    <property name="java.runtime.version" value="1.7.0_09-b05"/>
    <property name="java.awt.graphicsenv" value="sun.awt.Win32GraphicsEnvironment"/>
    <property name="java.endorsed.dirs" value="D:\Java\jdk7\jre\lib\endorsed"/>
    <property name="os.arch" value="amd64"/>
    <property name="java.io.tmpdir" value="d:\temp\"/>
    <property name="line.separator" value="
"/>
    <property name="java.vm.specification.vendor" value="Oracle Corporation"/>
    <property name="user.variant" value=""/>
    <property name="os.name" value="Windows 7"/>
    <property name="classworlds.conf" value="D:\workspace\.metadata\.plugins\org.eclipse.m2e.launching\launches\m2conf7395745508668958407.tmp"/>
    <property name="sun.jnu.encoding" value="Cp1251"/>
    <property name="java.library.path" value="D:\Java\jdk7\bin;C:\Windows\Sun\Java\bin;C:\Windows\system32;C:\Windows;D:/Java/jdk7/bin/../jre/bin/server;D:/Java/jdk7/bin/../jre/bin;D:/Java/jdk7/bin/../jre/lib/amd64;D:\Java\jdk7\bin;C:\csvn\bin\;C:\csvn\Python25\;d:\mongodb\bin;d:\winutils\curl;d:\Java\PHP\;C:\Program Files (x86)\Intel\iCLS Client\;C:\Program Files\Intel\iCLS Client\;C:\Windows\system32;C:\Windows;C:\Windows\System32\Wbem;C:\Windows\System32\WindowsPowerShell\v1.0\;C:\Program Files\Intel\Intel(R) Management Engine Components\DAL;C:\Program Files\Intel\Intel(R) Management Engine Components\IPT;C:\Program Files (x86)\Intel\Intel(R) Management Engine Components\DAL;C:\Program Files (x86)\Intel\Intel(R) Management Engine Components\IPT;C:\Program Files (x86)\Intel\OpenCL SDK\2.0\bin\x86;C:\Program Files (x86)\Intel\OpenCL SDK\2.0\bin\x64;C:\Program Files\WinRAR\;D:\MySQL\bin\;D:\WinUtils\TortoiseSVN\bin;C:\Program Files (x86)\Rhozet\RMP\;d:\WinUtils\QuickTime\QTSystem\;d:\WinUtils\MKVToolNix;D:\Java\apache-maven-3.1.1\bin;D:\Java\apache-ant-1.9.2\bin;D:\data\nodejs\;D:\mongo\bin;C:\Users\gennady.novik\AppData\Roaming\npm;d:\Boot2Docker;D:\eclipse;;."/>
    <property name="java.specification.name" value="Java Platform API Specification"/>
    <property name="java.class.version" value="51.0"/>
    <property name="sun.management.compiler" value="HotSpot 64-Bit Tiered Compilers"/>
    <property name="os.version" value="6.1"/>
    <property name="user.home" value="C:\Users\gennady.novik"/>
    <property name="user.timezone" value="Europe/Kaliningrad"/>
    <property name="java.awt.printerjob" value="sun.awt.windows.WPrinterJob"/>
    <property name="java.specification.version" value="1.7"/>
    <property name="file.encoding" value="Cp1251"/>
    <property name="user.name" value="gennady.novik"/>
    <property name="java.class.path" value="/D:/eclipse/plugins/org.eclipse.m2e.maven.runtime_1.5.0.20140605-2032/jars/plexus-classworlds-2.5.1.jar"/>
    <property name="org.slf4j.simpleLogger.defaultLogLevel" value="info"/>
    <property name="java.vm.specification.version" value="1.7"/>
    <property name="sun.arch.data.model" value="64"/>
    <property name="java.home" value="D:\Java\jdk7\jre"/>
    <property name="sun.java.command" value="org.codehaus.plexus.classworlds.launcher.Launcher -B test"/>
    <property name="java.specification.vendor" value="Oracle Corporation"/>
    <property name="user.language" value="en"/>
    <property name="awt.toolkit" value="sun.awt.windows.WToolkit"/>
    <property name="java.vm.info" value="mixed mode"/>
    <property name="java.version" value="1.7.0_09"/>
    <property name="java.ext.dirs" value="D:\Java\jdk7\jre\lib\ext;C:\Windows\Sun\Java\lib\ext"/>
    <property name="sun.boot.class.path" value="D:\Java\jdk7\jre\lib\resources.jar;D:\Java\jdk7\jre\lib\rt.jar;D:\Java\jdk7\jre\lib\sunrsasign.jar;D:\Java\jdk7\jre\lib\jsse.jar;D:\Java\jdk7\jre\lib\jce.jar;D:\Java\jdk7\jre\lib\charsets.jar;D:\Java\jdk7\jre\lib\jfr.jar;D:\Java\jdk7\jre\classes"/>
    <property name="java.vendor" value="Oracle Corporation"/>
    <property name="maven.home" value="D:\workspace\apacheCommons\EMBEDDED"/>
    <property name="file.separator" value="\"/>
    <property name="java.vendor.url.bug" value="http://bugreport.sun.com/bugreport/"/>
    <property name="sun.cpu.endian" value="little"/>
    <property name="sun.io.unicode.encoding" value="UnicodeLittle"/>
    <property name="sun.desktop" value="windows"/>
    <property name="sun.cpu.isalist" value="amd64"/>
  </properties>
  <testcase time="0.132" classname="libraries.apacheCommons.TemplatesTest" name="testVelocity"/>
  <testcase time="0.091" classname="libraries.apacheCommons.TemplatesTest" name="testCreateFile"/>
  <testcase time="0.014" classname="libraries.apacheCommons.TemplatesTest" name="testLoadFromFile"/>
  <testcase time="0.002" classname="libraries.apacheCommons.TemplatesTest" name="testLoadFromDirectory"/>
</testsuite>